<?xml version="1.0" encoding="UTF-8"?>
<!-- Generated by org.testng.reporters.JUnitReportReporter -->
<testsuite hostname="DESKTOP-JI62TLU" failures="0" tests="4" name="datastructures.DynamicArrayTest" time="0.041" errors="0" timestamp="26 Jun 2019 07:12:57 GMT" skipped="0">
  <testcase classname="datastructures.DynamicArrayTest" name="GetAndSet" time="0.002"/>
  <testcase classname="datastructures.DynamicArrayTest" name="Insert" time="0.003"/>
  <testcase classname="datastructures.DynamicArrayTest" name="Contains" time="0.034"/>
  <testcase classname="datastructures.DynamicArrayTest" name="Delete" time="0.002"/>
</testsuite> <!-- datastructures.DynamicArrayTest -->
