<?xml version="1.0" encoding="UTF-8"?>
<!-- Generated by org.testng.reporters.JUnitReportReporter -->
<testsuite hostname="DESKTOP-JI62TLU" failures="0" tests="4" name="datastructures.DynamicArrayTest" time="0.039" errors="0" timestamp="21 Jun 2019 13:00:40 GMT" skipped="0">
  <testcase classname="datastructures.DynamicArrayTest" name="Contains" time="0.018"/>
  <testcase classname="datastructures.DynamicArrayTest" name="GetAndSet" time="0.010"/>
  <testcase classname="datastructures.DynamicArrayTest" name="Insert" time="0.003"/>
  <testcase classname="datastructures.DynamicArrayTest" name="Delete" time="0.008"/>
</testsuite> <!-- datastructures.DynamicArrayTest -->
